Arguments: 
  C:\Program Files\nodejs\node.exe C:\Users\El Houcin Oulmostaf\AppData\Roaming\npm\node_modules\yarn\bin\yarn.js install

PATH: 
  C:\Program Files\Python310\Scripts\;C:\Program Files\Python310\;C:\Program Files (x86)\Common Files\Oracle\Java\javapath;C:\Program Files (x86)\Common Files\Intel\Shared Libraries\redist\intel64\compiler;C:\WINDOWS\system32;C:\WINDOWS;C:\WINDOWS\System32\Wbem;C:\WINDOWS\System32\WindowsPowerShell\v1.0\;C:\WINDOWS\System32\OpenSSH\;C:\Program Files\nodejs\;C:\Program Files\Git\cmd;C:\Users\El Houcin Oulmostaf\AppData\Local\Microsoft\WindowsApps;C:\Users\El Houcin Oulmostaf\AppData\Local\Programs\Microsoft VS Code\bin;C:\Users\El Houcin Oulmostaf\AppData\Roaming\npm;C:\Users\El Houcin Oulmostaf\AppData\Local\Android\Sdk\platform-tools;C:\Users\El Houcin Oulmostaf\AppData\Local\Android\Sdk\tools;C:\Program Files\Java\jdk1.8.0_301\bin;C:\gradle-7.1.1\bin;C:\Users\El Houcin Oulmostaf\AppData\Local\Android\Sdk\emulator;

Yarn version: 
  1.22.18

Node version: 
  14.17.3

Platform: 
  win32 x64

Trace: 
  Error: unexpected end of file
      at Zlib.zlibOnError [as onerror] (zlib.js:188:17)

npm manifest: 
  {
    "name": "uber_clone_app_rn",
    "version": "1.0.0",
    "main": "node_modules/expo/AppEntry.js",
    "scripts": {
      "start": "expo start",
      "android": "expo start --android",
      "ios": "expo start --ios",
      "web": "expo start --web",
      "eject": "expo eject"
    },
    "dependencies": {
      "expo": "~44.0.0",
      "expo-status-bar": "~1.2.0",
      "react": "17.0.1",
      "react-dom": "17.0.1",
      "react-native": "0.64.3",
      "react-native-web": "0.17.1"
    },
    "devDependencies": {
      "@babel/core": "^7.12.9"
    },
    "private": true
  }

yarn manifest: 
  No manifest

Lockfile: 
  No lockfile
